<?xml version="1.0" encoding="UTF-8"?>
<!-- Generated by org.testng.reporters.JUnitXMLReporter -->
<testsuite ignored="0" hostname="ATMECSINLT-038" failures="5" tests="13" name="Test2" time="47.109" errors="0" timestamp="11 Nov 2019 12:42:24 GMT">
  <testcase classname="com.atmecs.ToolsninjaAutomation.testScripts.HeatClinicAutomation" name="validatefooterForServices" time="1.474">
    <failure type="java.lang.AssertionError" message="expected [Broadleaf Demo - Heat Clinic] but found []">
      <![CDATA[java.lang.AssertionError: expected [Broadleaf Demo - Heat Clinic] but found []
at com.atmecs.ToolsninjaAutomation.pages.HeatClinicPage.isUserRedirectionCorrect(HeatClinicPage.java:38)
at com.atmecs.ToolsninjaAutomation.testScripts.HeatClinicAutomation.validatefooterForServices(HeatClinicAutomation.java:46)
... Removed 32 stack frames]]>
    </failure>
  </testcase> <!-- validatefooterForServices -->
  <testcase classname="com.atmecs.ToolsninjaAutomation.testScripts.HeatClinicAutomation" name="validatefooterForServices" time="1.58"/>
  <testcase classname="com.atmecs.ToolsninjaAutomation.testScripts.HeatClinicAutomation" name="validatefooterForServices" time="0.787">
    <failure type="java.lang.AssertionError" message="expected [Broadleaf Commerce Demo Store - Heat Clinic - Merchandise] but found [Broadleaf Commerce Demo Store - Heat Clinic - Hot Sauces]">
      <![CDATA[java.lang.AssertionError: expected [Broadleaf Commerce Demo Store - Heat Clinic - Merchandise] but found [Broadleaf Commerce Demo Store - Heat Clinic - Hot Sauces]
at com.atmecs.ToolsninjaAutomation.pages.HeatClinicPage.isUserRedirectionCorrect(HeatClinicPage.java:38)
at com.atmecs.ToolsninjaAutomation.testScripts.HeatClinicAutomation.validatefooterForServices(HeatClinicAutomation.java:46)
... Removed 32 stack frames]]>
    </failure>
  </testcase> <!-- validatefooterForServices -->
  <testcase classname="com.atmecs.ToolsninjaAutomation.testScripts.HeatClinicAutomation" name="validatefooterForServices" time="1.335"/>
  <testcase classname="com.atmecs.ToolsninjaAutomation.testScripts.HeatClinicAutomation" name="validatefooterForServices" time="1.262"/>
  <testcase classname="com.atmecs.ToolsninjaAutomation.testScripts.HeatClinicAutomation" name="validatefooterForServices" time="1.201"/>
  <testcase classname="com.atmecs.ToolsninjaAutomation.testScripts.HeatClinicAutomation" name="validatefooterForServices" time="0.028">
    <failure type="java.lang.AssertionError" message="expected [null] but found [Broadleaf Commerce Demo Store - Heat Clinic - FAQ]">
      <![CDATA[java.lang.AssertionError: expected [null] but found [Broadleaf Commerce Demo Store - Heat Clinic - FAQ]
at com.atmecs.ToolsninjaAutomation.pages.HeatClinicPage.isUserRedirectionCorrect(HeatClinicPage.java:38)
at com.atmecs.ToolsninjaAutomation.testScripts.HeatClinicAutomation.validatefooterForServices(HeatClinicAutomation.java:46)
... Removed 32 stack frames]]>
    </failure>
  </testcase> <!-- validatefooterForServices -->
  <testcase classname="com.atmecs.ToolsninjaAutomation.testScripts.HeatClinicAutomation" name="selectGenderClothing" time="3.957"/>
  <testcase classname="com.atmecs.ToolsninjaAutomation.testScripts.HeatClinicAutomation" name="validateMensClothing" time="0.233"/>
  <testcase classname="com.atmecs.ToolsninjaAutomation.testScripts.HeatClinicAutomation" name="chooseShirt" time="13.543"/>
  <testcase classname="com.atmecs.ToolsninjaAutomation.testScripts.HeatClinicAutomation" name="validateCart" time="9.348">
    <failure type="org.openqa.selenium.NoSuchElementException" message="Unable to find element with xpath == //a[@href=&amp;apos;/merchandise/hawt_like_a_habanero_mens&amp;apos;]
For documentation on this error, please visit: https://www.seleniumhq.org/exceptions/no_such_element.html
Build info: version: &amp;apos;3.141.59&amp;apos;, revision: &amp;apos;e82be7d358&amp;apos;, time: &amp;apos;2018-11-14T08:17:03&amp;apos;
System info: host: &amp;apos;ATMECSINLT-038&amp;apos;, ip: &amp;apos;55.55.52.193&amp;apos;, os.name: &amp;apos;Windows 10&amp;apos;, os.arch: &amp;apos;amd64&amp;apos;, os.version: &amp;apos;10.0&amp;apos;, java.version: &amp;apos;12.0.1&amp;apos;
Driver info: org.openqa.selenium.ie.InternetExplorerDriver
Capabilities {acceptInsecureCerts: false, browserName: internet explorer, browserVersion: 11, javascriptEnabled: true, pageLoadStrategy: normal, platform: WINDOWS, platformName: WINDOWS, proxy: Proxy(), se:ieOptions: {browserAttachTimeout: 0, elementScrollBehavior: 0, enablePersistentHover: true, ie.browserCommandLineSwitches: , ie.ensureCleanSession: false, ie.fileUploadDialogTimeout: 3000, ie.forceCreateProcessApi: false, ignoreProtectedModeSettings: false, ignoreZoomSetting: false, initialBrowserUrl: , nativeEvents: true, requireWindowFocus: false}, setWindowRect: true, timeouts: {implicit: 0, pageLoad: 300000, script: 30000}}
Session ID: 2403d64f-da6e-4c78-983d-35fa45107888
*** Element info: {Using=xpath, value=//a[@href=&amp;apos;/merchandise/hawt_like_a_habanero_mens&amp;apos;]}">
      <![CDATA[org.openqa.selenium.NoSuchElementException: Unable to find element with xpath == //a[@href='/merchandise/hawt_like_a_habanero_mens']
For documentation on this error, please visit: https://www.seleniumhq.org/exceptions/no_such_element.html
Build info: version: '3.141.59', revision: 'e82be7d358', time: '2018-11-14T08:17:03'
System info: host: 'ATMECSINLT-038', ip: '55.55.52.193', os.name: 'Windows 10', os.arch: 'amd64', os.version: '10.0', java.version: '12.0.1'
Driver info: org.openqa.selenium.ie.InternetExplorerDriver
Capabilities {acceptInsecureCerts: false, browserName: internet explorer, browserVersion: 11, javascriptEnabled: true, pageLoadStrategy: normal, platform: WINDOWS, platformName: WINDOWS, proxy: Proxy(), se:ieOptions: {browserAttachTimeout: 0, elementScrollBehavior: 0, enablePersistentHover: true, ie.browserCommandLineSwitches: , ie.ensureCleanSession: false, ie.fileUploadDialogTimeout: 3000, ie.forceCreateProcessApi: false, ignoreProtectedModeSettings: false, ignoreZoomSetting: false, initialBrowserUrl: , nativeEvents: true, requireWindowFocus: false}, setWindowRect: true, timeouts: {implicit: 0, pageLoad: 300000, script: 30000}}
Session ID: 2403d64f-da6e-4c78-983d-35fa45107888
*** Element info: {Using=xpath, value=//a[@href='/merchandise/hawt_like_a_habanero_mens']}
at org.openqa.selenium.remote.http.W3CHttpResponseCodec.createException(W3CHttpResponseCodec.java:187)
at org.openqa.selenium.remote.http.W3CHttpResponseCodec.decode(W3CHttpResponseCodec.java:122)
at org.openqa.selenium.remote.http.W3CHttpResponseCodec.decode(W3CHttpResponseCodec.java:49)
at org.openqa.selenium.remote.HttpCommandExecutor.execute(HttpCommandExecutor.java:158)
at org.openqa.selenium.remote.service.DriverCommandExecutor.execute(DriverCommandExecutor.java:83)
at org.openqa.selenium.remote.RemoteWebDriver.execute(RemoteWebDriver.java:552)
at org.openqa.selenium.remote.RemoteWebDriver.findElement(RemoteWebDriver.java:323)
at org.openqa.selenium.remote.RemoteWebDriver.findElementByXPath(RemoteWebDriver.java:428)
at org.openqa.selenium.By$ByXPath.findElement(By.java:353)
at org.openqa.selenium.remote.RemoteWebDriver.findElement(RemoteWebDriver.java:315)
at com.atmecs.ToolsninjaAutomation.helpers.WebUtility.selectSelectorType(WebUtility.java:99)
at com.atmecs.ToolsninjaAutomation.helpers.WebUtility.getText(WebUtility.java:180)
at com.atmecs.ToolsninjaAutomation.pages.HeatClinicPage.validateCartDetails(HeatClinicPage.java:61)
at com.atmecs.ToolsninjaAutomation.testScripts.HeatClinicAutomation.validateCart(HeatClinicAutomation.java:84)
... Removed 31 stack frames]]>
    </failure>
  </testcase> <!-- validateCart -->
  <testcase classname="com.atmecs.ToolsninjaAutomation.testScripts.HeatClinicAutomation" name="validateCart" time="0.006"/>
  <testcase classname="com.atmecs.ToolsninjaAutomation.testScripts.HeatClinicAutomation" name="validateUpdatedGrandTotal" time="6.405">
    <failure type="org.openqa.selenium.NoSuchElementException" message="Unable to find element with xpath == (//input[@name=&amp;apos;quantity&amp;apos;])[3]
For documentation on this error, please visit: https://www.seleniumhq.org/exceptions/no_such_element.html
Build info: version: &amp;apos;3.141.59&amp;apos;, revision: &amp;apos;e82be7d358&amp;apos;, time: &amp;apos;2018-11-14T08:17:03&amp;apos;
System info: host: &amp;apos;ATMECSINLT-038&amp;apos;, ip: &amp;apos;55.55.52.193&amp;apos;, os.name: &amp;apos;Windows 10&amp;apos;, os.arch: &amp;apos;amd64&amp;apos;, os.version: &amp;apos;10.0&amp;apos;, java.version: &amp;apos;12.0.1&amp;apos;
Driver info: org.openqa.selenium.ie.InternetExplorerDriver
Capabilities {acceptInsecureCerts: false, browserName: internet explorer, browserVersion: 11, javascriptEnabled: true, pageLoadStrategy: normal, platform: WINDOWS, platformName: WINDOWS, proxy: Proxy(), se:ieOptions: {browserAttachTimeout: 0, elementScrollBehavior: 0, enablePersistentHover: true, ie.browserCommandLineSwitches: , ie.ensureCleanSession: false, ie.fileUploadDialogTimeout: 3000, ie.forceCreateProcessApi: false, ignoreProtectedModeSettings: false, ignoreZoomSetting: false, initialBrowserUrl: , nativeEvents: true, requireWindowFocus: false}, setWindowRect: true, timeouts: {implicit: 0, pageLoad: 300000, script: 30000}}
Session ID: 2403d64f-da6e-4c78-983d-35fa45107888
*** Element info: {Using=xpath, value=(//input[@name=&amp;apos;quantity&amp;apos;])[3]}">
      <![CDATA[org.openqa.selenium.NoSuchElementException: Unable to find element with xpath == (//input[@name='quantity'])[3]
For documentation on this error, please visit: https://www.seleniumhq.org/exceptions/no_such_element.html
Build info: version: '3.141.59', revision: 'e82be7d358', time: '2018-11-14T08:17:03'
System info: host: 'ATMECSINLT-038', ip: '55.55.52.193', os.name: 'Windows 10', os.arch: 'amd64', os.version: '10.0', java.version: '12.0.1'
Driver info: org.openqa.selenium.ie.InternetExplorerDriver
Capabilities {acceptInsecureCerts: false, browserName: internet explorer, browserVersion: 11, javascriptEnabled: true, pageLoadStrategy: normal, platform: WINDOWS, platformName: WINDOWS, proxy: Proxy(), se:ieOptions: {browserAttachTimeout: 0, elementScrollBehavior: 0, enablePersistentHover: true, ie.browserCommandLineSwitches: , ie.ensureCleanSession: false, ie.fileUploadDialogTimeout: 3000, ie.forceCreateProcessApi: false, ignoreProtectedModeSettings: false, ignoreZoomSetting: false, initialBrowserUrl: , nativeEvents: true, requireWindowFocus: false}, setWindowRect: true, timeouts: {implicit: 0, pageLoad: 300000, script: 30000}}
Session ID: 2403d64f-da6e-4c78-983d-35fa45107888
*** Element info: {Using=xpath, value=(//input[@name='quantity'])[3]}
at org.openqa.selenium.remote.http.W3CHttpResponseCodec.createException(W3CHttpResponseCodec.java:187)
at org.openqa.selenium.remote.http.W3CHttpResponseCodec.decode(W3CHttpResponseCodec.java:122)
at org.openqa.selenium.remote.http.W3CHttpResponseCodec.decode(W3CHttpResponseCodec.java:49)
at org.openqa.selenium.remote.HttpCommandExecutor.execute(HttpCommandExecutor.java:158)
at org.openqa.selenium.remote.service.DriverCommandExecutor.execute(DriverCommandExecutor.java:83)
at org.openqa.selenium.remote.RemoteWebDriver.execute(RemoteWebDriver.java:552)
at org.openqa.selenium.remote.RemoteWebDriver.findElement(RemoteWebDriver.java:323)
at org.openqa.selenium.remote.RemoteWebDriver.findElementByXPath(RemoteWebDriver.java:428)
at org.openqa.selenium.By$ByXPath.findElement(By.java:353)
at org.openqa.selenium.remote.RemoteWebDriver.findElement(RemoteWebDriver.java:315)
at com.atmecs.ToolsninjaAutomation.helpers.WebUtility.selectSelectorType(WebUtility.java:99)
at com.atmecs.ToolsninjaAutomation.helpers.WebUtility.clearField(WebUtility.java:359)
at com.atmecs.ToolsninjaAutomation.pages.HeatClinicPage.updatedCartAssertion(HeatClinicPage.java:82)
at com.atmecs.ToolsninjaAutomation.testScripts.HeatClinicAutomation.validateUpdatedGrandTotal(HeatClinicAutomation.java:92)
... Removed 31 stack frames]]>
    </failure>
  </testcase> <!-- validateUpdatedGrandTotal -->
</testsuite> <!-- Test2 -->
