<?xml version="1.0" encoding="UTF-8"?>
<testng-results ignored="0" total="12" passed="10" failed="2" skipped="0">
  <reporter-output>
  </reporter-output>
  <suite started-at="2019-11-12T13:25:11Z" name="heatClinicTestSuite" finished-at="2019-11-12T13:26:00Z" duration-ms="49753">
    <groups>
    </groups>
    <test started-at="2019-11-12T13:25:11Z" name="heatClinicTestScenario" finished-at="2019-11-12T13:26:00Z" duration-ms="49753">
      <class name="com.atmecs.ToolsninjaAutomation.testScripts.HeatClinicTestScripts">
        <test-method is-config="true" signature="intitailizeBrowser()[pri:0, instance:com.atmecs.ToolsninjaAutomation.testScripts.HeatClinicTestScripts@1677d1]" started-at="2019-11-12T13:25:11Z" name="intitailizeBrowser" finished-at="2019-11-12T13:25:15Z" duration-ms="4071" status="PASS">
          <reporter-output>
          </reporter-output>
        </test-method> <!-- intitailizeBrowser -->
        <test-method is-config="true" signature="getUrl()[pri:0, instance:com.atmecs.ToolsninjaAutomation.testScripts.HeatClinicTestScripts@1677d1]" started-at="2019-11-12T13:25:15Z" name="getUrl" finished-at="2019-11-12T13:25:21Z" duration-ms="5825" status="PASS">
          <reporter-output>
          </reporter-output>
        </test-method> <!-- getUrl -->
        <test-method signature="validateTitles()[pri:1, instance:com.atmecs.ToolsninjaAutomation.testScripts.HeatClinicTestScripts@1677d1]" started-at="2019-11-12T13:25:21Z" name="validateTitles" finished-at="2019-11-12T13:25:30Z" duration-ms="9677" status="PASS">
          <reporter-output>
          </reporter-output>
        </test-method> <!-- validateTitles -->
        <test-method signature="selectGenderClothing()[pri:2, instance:com.atmecs.ToolsninjaAutomation.testScripts.HeatClinicTestScripts@1677d1]" started-at="2019-11-12T13:25:30Z" name="selectGenderClothing" finished-at="2019-11-12T13:25:34Z" duration-ms="3991" status="PASS">
          <reporter-output>
          </reporter-output>
        </test-method> <!-- selectGenderClothing -->
        <test-method signature="validateMensClothing()[pri:3, instance:com.atmecs.ToolsninjaAutomation.testScripts.HeatClinicTestScripts@1677d1]" started-at="2019-11-12T13:25:34Z" name="validateMensClothing" finished-at="2019-11-12T13:25:34Z" duration-ms="262" status="PASS">
          <reporter-output>
          </reporter-output>
        </test-method> <!-- validateMensClothing -->
        <test-method signature="chooseShirt()[pri:4, instance:com.atmecs.ToolsninjaAutomation.testScripts.HeatClinicTestScripts@1677d1]" started-at="2019-11-12T13:25:34Z" name="chooseShirt" finished-at="2019-11-12T13:25:54Z" duration-ms="19620" status="PASS">
          <reporter-output>
          </reporter-output>
        </test-method> <!-- chooseShirt -->
        <test-method signature="validateCart()[pri:5, instance:com.atmecs.ToolsninjaAutomation.testScripts.HeatClinicTestScripts@1677d1]" started-at="2019-11-12T13:25:54Z" name="validateCart" finished-at="2019-11-12T13:25:56Z" duration-ms="1922" status="PASS">
          <reporter-output>
          </reporter-output>
        </test-method> <!-- validateCart -->
        <test-method signature="validateUpdatedGrandTotal()[pri:6, instance:com.atmecs.ToolsninjaAutomation.testScripts.HeatClinicTestScripts@1677d1]" started-at="2019-11-12T13:25:56Z" name="validateUpdatedGrandTotal" finished-at="2019-11-12T13:26:00Z" duration-ms="4203" status="PASS">
          <reporter-output>
          </reporter-output>
        </test-method> <!-- validateUpdatedGrandTotal -->
        <test-method is-config="true" signature="tearResource()[pri:0, instance:com.atmecs.ToolsninjaAutomation.testScripts.HeatClinicTestScripts@1677d1]" started-at="2019-11-12T13:26:00Z" name="tearResource" finished-at="2019-11-12T13:26:00Z" duration-ms="154" status="PASS">
          <reporter-output>
          </reporter-output>
        </test-method> <!-- tearResource -->
      </class> <!-- com.atmecs.ToolsninjaAutomation.testScripts.HeatClinicTestScripts -->
    </test> <!-- heatClinicTestScenario -->
  </suite> <!-- heatClinicTestSuite -->
  <suite started-at="2019-11-12T13:26:00Z" name="ninjaStoreTestSuite" finished-at="2019-11-12T13:26:44Z" duration-ms="43049">
    <groups>
    </groups>
    <test started-at="2019-11-12T13:26:00Z" name="ninjaStoreTestScenario" finished-at="2019-11-12T13:26:44Z" duration-ms="43049">
      <class name="com.atmecs.ToolsninjaAutomation.testScripts.NinjaStoreTestScripts">
        <test-method is-config="true" signature="intitailizeBrowser()[pri:0, instance:com.atmecs.ToolsninjaAutomation.testScripts.NinjaStoreTestScripts@22a637e7]" started-at="2019-11-12T13:26:00Z" name="intitailizeBrowser" finished-at="2019-11-12T13:26:03Z" duration-ms="3037" status="PASS">
          <reporter-output>
          </reporter-output>
        </test-method> <!-- intitailizeBrowser -->
        <test-method is-config="true" signature="getUrl()[pri:0, instance:com.atmecs.ToolsninjaAutomation.testScripts.NinjaStoreTestScripts@22a637e7]" started-at="2019-11-12T13:26:03Z" name="getUrl" finished-at="2019-11-12T13:26:05Z" duration-ms="1597" status="PASS">
          <reporter-output>
          </reporter-output>
        </test-method> <!-- getUrl -->
        <test-method signature="homePageRedirection()[pri:1, instance:com.atmecs.ToolsninjaAutomation.testScripts.NinjaStoreTestScripts@22a637e7]" started-at="2019-11-12T13:26:05Z" name="homePageRedirection" finished-at="2019-11-12T13:26:05Z" duration-ms="35" status="PASS">
          <reporter-output>
          </reporter-output>
        </test-method> <!-- homePageRedirection -->
        <test-method signature="searchProductAndCheckAvailability()[pri:2, instance:com.atmecs.ToolsninjaAutomation.testScripts.NinjaStoreTestScripts@22a637e7]" started-at="2019-11-12T13:26:05Z" name="searchProductAndCheckAvailability" finished-at="2019-11-12T13:26:22Z" duration-ms="16420" status="PASS">
          <reporter-output>
          </reporter-output>
        </test-method> <!-- searchProductAndCheckAvailability -->
        <test-method signature="validateGrandTotal()[pri:3, instance:com.atmecs.ToolsninjaAutomation.testScripts.NinjaStoreTestScripts@22a637e7]" started-at="2019-11-12T13:26:22Z" name="validateGrandTotal" finished-at="2019-11-12T13:26:32Z" duration-ms="10880" status="PASS">
          <reporter-output>
          </reporter-output>
        </test-method> <!-- validateGrandTotal -->
        <test-method signature="checkGrandTotal()[pri:4, instance:com.atmecs.ToolsninjaAutomation.testScripts.NinjaStoreTestScripts@22a637e7]" started-at="2019-11-12T13:26:32Z" name="checkGrandTotal" finished-at="2019-11-12T13:26:33Z" duration-ms="285" status="FAIL">
          <exception class="java.lang.AssertionError">
            <message>
              <![CDATA[grandtotal is not correct expected [$3,852.40] but found [$2,773.60]]]>
            </message>
            <full-stacktrace>
              <![CDATA[java.lang.AssertionError: grandtotal is not correct expected [$3,852.40] but found [$2,773.60]
at org.testng.Assert.fail(Assert.java:96)
at org.testng.Assert.failNotEquals(Assert.java:776)
at org.testng.Assert.assertEqualsImpl(Assert.java:137)
at org.testng.Assert.assertEquals(Assert.java:118)
at org.testng.Assert.assertEquals(Assert.java:453)
at com.atmecs.ToolsninjaAutomation.pages.HomePage.isGrandTotalCorrect(HomePage.java:105)
at com.atmecs.ToolsninjaAutomation.testScripts.NinjaStoreTestScripts.checkGrandTotal(NinjaStoreTestScripts.java:115)
at java.base/jdk.internal.reflect.NativeMethodAccessorImpl.invoke0(Native Method)
at java.base/jdk.internal.reflect.NativeMethodAccessorImpl.invoke(NativeMethodAccessorImpl.java:62)
at java.base/jdk.internal.reflect.DelegatingMethodAccessorImpl.invoke(DelegatingMethodAccessorImpl.java:43)
at java.base/java.lang.reflect.Method.invoke(Method.java:567)
at org.testng.internal.MethodInvocationHelper.invokeMethod(MethodInvocationHelper.java:124)
at org.testng.internal.Invoker.invokeMethod(Invoker.java:583)
at org.testng.internal.Invoker.invokeTestMethod(Invoker.java:719)
at org.testng.internal.Invoker.invokeTestMethods(Invoker.java:989)
at org.testng.internal.TestMethodWorker.invokeTestMethods(TestMethodWorker.java:125)
at org.testng.internal.TestMethodWorker.run(TestMethodWorker.java:109)
at org.testng.TestRunner.privateRun(TestRunner.java:648)
at org.testng.TestRunner.run(TestRunner.java:505)
at org.testng.SuiteRunner.runTest(SuiteRunner.java:455)
at org.testng.SuiteRunner.runSequentially(SuiteRunner.java:450)
at org.testng.SuiteRunner.privateRun(SuiteRunner.java:415)
at org.testng.SuiteRunner.run(SuiteRunner.java:364)
at org.testng.SuiteRunnerWorker.runSuite(SuiteRunnerWorker.java:52)
at org.testng.SuiteRunnerWorker.run(SuiteRunnerWorker.java:84)
at org.testng.TestNG.runSuitesSequentially(TestNG.java:1208)
at org.testng.TestNG.runSuitesSequentially(TestNG.java:1204)
at org.testng.TestNG.runSuitesLocally(TestNG.java:1137)
at org.testng.TestNG.runSuites(TestNG.java:1049)
at org.testng.TestNG.run(TestNG.java:1017)
at org.apache.maven.surefire.testng.TestNGExecutor.run(TestNGExecutor.java:283)
at org.apache.maven.surefire.testng.TestNGXmlTestSuite.execute(TestNGXmlTestSuite.java:75)
at org.apache.maven.surefire.testng.TestNGProvider.invoke(TestNGProvider.java:120)
at org.apache.maven.surefire.booter.ForkedBooter.invokeProviderInSameClassLoader(ForkedBooter.java:384)
at org.apache.maven.surefire.booter.ForkedBooter.runSuitesInProcess(ForkedBooter.java:345)
at org.apache.maven.surefire.booter.ForkedBooter.execute(ForkedBooter.java:126)
at org.apache.maven.surefire.booter.ForkedBooter.main(ForkedBooter.java:418)
]]>
            </full-stacktrace>
          </exception> <!-- java.lang.AssertionError -->
          <reporter-output>
          </reporter-output>
        </test-method> <!-- checkGrandTotal -->
        <test-method signature="validateGrandTotalAfterRemovingItem()[pri:5, instance:com.atmecs.ToolsninjaAutomation.testScripts.NinjaStoreTestScripts@22a637e7]" started-at="2019-11-12T13:26:33Z" name="validateGrandTotalAfterRemovingItem" finished-at="2019-11-12T13:26:36Z" duration-ms="2862" status="FAIL">
          <exception class="java.lang.AssertionError">
            <message>
              <![CDATA[grandtotal is not correct expected [$3,606.00] but found [$2,404.00]]]>
            </message>
            <full-stacktrace>
              <![CDATA[java.lang.AssertionError: grandtotal is not correct expected [$3,606.00] but found [$2,404.00]
at org.testng.Assert.fail(Assert.java:96)
at org.testng.Assert.failNotEquals(Assert.java:776)
at org.testng.Assert.assertEqualsImpl(Assert.java:137)
at org.testng.Assert.assertEquals(Assert.java:118)
at org.testng.Assert.assertEquals(Assert.java:453)
at com.atmecs.ToolsninjaAutomation.pages.HomePage.isGrandTotalCorrect(HomePage.java:105)
at com.atmecs.ToolsninjaAutomation.testScripts.NinjaStoreTestScripts.validateGrandTotalAfterRemovingItem(NinjaStoreTestScripts.java:122)
at java.base/jdk.internal.reflect.NativeMethodAccessorImpl.invoke0(Native Method)
at java.base/jdk.internal.reflect.NativeMethodAccessorImpl.invoke(NativeMethodAccessorImpl.java:62)
at java.base/jdk.internal.reflect.DelegatingMethodAccessorImpl.invoke(DelegatingMethodAccessorImpl.java:43)
at java.base/java.lang.reflect.Method.invoke(Method.java:567)
at org.testng.internal.MethodInvocationHelper.invokeMethod(MethodInvocationHelper.java:124)
at org.testng.internal.Invoker.invokeMethod(Invoker.java:583)
at org.testng.internal.Invoker.invokeTestMethod(Invoker.java:719)
at org.testng.internal.Invoker.invokeTestMethods(Invoker.java:989)
at org.testng.internal.TestMethodWorker.invokeTestMethods(TestMethodWorker.java:125)
at org.testng.internal.TestMethodWorker.run(TestMethodWorker.java:109)
at org.testng.TestRunner.privateRun(TestRunner.java:648)
at org.testng.TestRunner.run(TestRunner.java:505)
at org.testng.SuiteRunner.runTest(SuiteRunner.java:455)
at org.testng.SuiteRunner.runSequentially(SuiteRunner.java:450)
at org.testng.SuiteRunner.privateRun(SuiteRunner.java:415)
at org.testng.SuiteRunner.run(SuiteRunner.java:364)
at org.testng.SuiteRunnerWorker.runSuite(SuiteRunnerWorker.java:52)
at org.testng.SuiteRunnerWorker.run(SuiteRunnerWorker.java:84)
at org.testng.TestNG.runSuitesSequentially(TestNG.java:1208)
at org.testng.TestNG.runSuitesSequentially(TestNG.java:1204)
at org.testng.TestNG.runSuitesLocally(TestNG.java:1137)
at org.testng.TestNG.runSuites(TestNG.java:1049)
at org.testng.TestNG.run(TestNG.java:1017)
at org.apache.maven.surefire.testng.TestNGExecutor.run(TestNGExecutor.java:283)
at org.apache.maven.surefire.testng.TestNGXmlTestSuite.execute(TestNGXmlTestSuite.java:75)
at org.apache.maven.surefire.testng.TestNGProvider.invoke(TestNGProvider.java:120)
at org.apache.maven.surefire.booter.ForkedBooter.invokeProviderInSameClassLoader(ForkedBooter.java:384)
at org.apache.maven.surefire.booter.ForkedBooter.runSuitesInProcess(ForkedBooter.java:345)
at org.apache.maven.surefire.booter.ForkedBooter.execute(ForkedBooter.java:126)
at org.apache.maven.surefire.booter.ForkedBooter.main(ForkedBooter.java:418)
]]>
            </full-stacktrace>
          </exception> <!-- java.lang.AssertionError -->
          <reporter-output>
          </reporter-output>
        </test-method> <!-- validateGrandTotalAfterRemovingItem -->
        <test-method signature="validateErrorMessage()[pri:6, instance:com.atmecs.ToolsninjaAutomation.testScripts.NinjaStoreTestScripts@22a637e7]" started-at="2019-11-12T13:26:36Z" name="validateErrorMessage" finished-at="2019-11-12T13:26:43Z" duration-ms="7833" status="PASS">
          <reporter-output>
          </reporter-output>
        </test-method> <!-- validateErrorMessage -->
        <test-method is-config="true" signature="tearResource()[pri:0, instance:com.atmecs.ToolsninjaAutomation.testScripts.NinjaStoreTestScripts@22a637e7]" started-at="2019-11-12T13:26:43Z" name="tearResource" finished-at="2019-11-12T13:26:44Z" duration-ms="32" status="PASS">
          <reporter-output>
          </reporter-output>
        </test-method> <!-- tearResource -->
      </class> <!-- com.atmecs.ToolsninjaAutomation.testScripts.NinjaStoreTestScripts -->
    </test> <!-- ninjaStoreTestScenario -->
  </suite> <!-- ninjaStoreTestSuite -->
  <suite started-at="2019-11-12T13:26:44Z" name="heatClinicAndNinjaStoreTestSuites" finished-at="2019-11-12T13:26:44Z" duration-ms="0">
    <groups>
    </groups>
  </suite> <!-- heatClinicAndNinjaStoreTestSuites -->
</testng-results>
