<?xml version="1.0" encoding="UTF-8"?>
<!-- Generated by org.testng.reporters.JUnitXMLReporter -->
<testsuite ignored="0" hostname="ATMECSINLT-038" failures="2" tests="6" name="ninjaStoreTestScenario" time="43.049" errors="0" timestamp="12 Nov 2019 13:26:44 GMT">
  <testcase classname="com.atmecs.ToolsninjaAutomation.testScripts.NinjaStoreTestScripts" name="homePageRedirection" time="0.035"/>
  <testcase classname="com.atmecs.ToolsninjaAutomation.testScripts.NinjaStoreTestScripts" name="searchProductAndCheckAvailability" time="16.42"/>
  <testcase classname="com.atmecs.ToolsninjaAutomation.testScripts.NinjaStoreTestScripts" name="validateGrandTotal" time="10.88"/>
  <testcase classname="com.atmecs.ToolsninjaAutomation.testScripts.NinjaStoreTestScripts" name="checkGrandTotal" time="0.285">
    <failure type="java.lang.AssertionError" message="grandtotal is not correct expected [$3,852.40] but found [$2,773.60]">
      <![CDATA[java.lang.AssertionError: grandtotal is not correct expected [$3,852.40] but found [$2,773.60]
at com.atmecs.ToolsninjaAutomation.pages.HomePage.isGrandTotalCorrect(HomePage.java:105)
at com.atmecs.ToolsninjaAutomation.testScripts.NinjaStoreTestScripts.checkGrandTotal(NinjaStoreTestScripts.java:115)
... Removed 35 stack frames]]>
    </failure>
  </testcase> <!-- checkGrandTotal -->
  <testcase classname="com.atmecs.ToolsninjaAutomation.testScripts.NinjaStoreTestScripts" name="validateGrandTotalAfterRemovingItem" time="2.862">
    <failure type="java.lang.AssertionError" message="grandtotal is not correct expected [$3,606.00] but found [$2,404.00]">
      <![CDATA[java.lang.AssertionError: grandtotal is not correct expected [$3,606.00] but found [$2,404.00]
at com.atmecs.ToolsninjaAutomation.pages.HomePage.isGrandTotalCorrect(HomePage.java:105)
at com.atmecs.ToolsninjaAutomation.testScripts.NinjaStoreTestScripts.validateGrandTotalAfterRemovingItem(NinjaStoreTestScripts.java:122)
... Removed 35 stack frames]]>
    </failure>
  </testcase> <!-- validateGrandTotalAfterRemovingItem -->
  <testcase classname="com.atmecs.ToolsninjaAutomation.testScripts.NinjaStoreTestScripts" name="validateErrorMessage" time="7.833"/>
</testsuite> <!-- ninjaStoreTestScenario -->
